<!-- Use the  Trace Viewer in src/tools/tracesviewer to view this  trace  
Here are the stack configuration properties 
javax.sip.IP_ADDRESS= 0.0.0.0
javax.sip.STACK_NAME= SIG_DEMO
javax.sip.ROUTER_PATH= null
javax.sip.OUTBOUND_PROXY= null
-->
<description
 logDescription="SIG_DEMO"
 name="SIG_DEMO"
 auxInfo="null"/>
 
<!-- Use the  Trace Viewer in src/tools/tracesviewer to view this  trace  
Here are the stack configuration properties 
javax.sip.IP_ADDRESS= 0.0.0.0
javax.sip.STACK_NAME= SIG_DEMO
javax.sip.ROUTER_PATH= null
javax.sip.OUTBOUND_PROXY= null
-->
<description
 logDescription="SIG_DEMO"
 name="SIG_DEMO"
 auxInfo="null"/>
 
<!-- Use the  Trace Viewer in src/tools/tracesviewer to view this  trace  
Here are the stack configuration properties 
javax.sip.IP_ADDRESS= 0.0.0.0
javax.sip.STACK_NAME= SIG_DEMO
javax.sip.ROUTER_PATH= null
javax.sip.OUTBOUND_PROXY= null
-->
<description
 logDescription="SIG_DEMO"
 name="SIG_DEMO"
 auxInfo="null"/>
 
<!-- Use the  Trace Viewer in src/tools/tracesviewer to view this  trace  
Here are the stack configuration properties 
javax.sip.IP_ADDRESS= 0.0.0.0
javax.sip.STACK_NAME= SIG_DEMO
javax.sip.ROUTER_PATH= null
javax.sip.OUTBOUND_PROXY= null
-->
<description
 logDescription="SIG_DEMO"
 name="SIG_DEMO"
 auxInfo="null"/>
 
